<?xml version="1.0" encoding="UTF-8"?>
<!-- Generated by org.testng.reporters.JUnitReportReporter -->
<testsuite hostname="PSL-78VL6Q3" failures="0" tests="1" name="tests.PantryCarTest" time="1.838" errors="0" timestamp="2022-10-15T17:14:46 IST" skipped="0">
  <testcase classname="tests.PantryCarTest" name="orderThroughPNR" time="1.838"/>
  <system-out/>
</testsuite> <!-- tests.PantryCarTest -->
