<?xml version="1.0" encoding="UTF-8"?>
<!-- Generated by org.testng.reporters.JUnitReportReporter -->
<testsuite hostname="PSL-78VL6Q3" failures="0" tests="12" name="tests.CookedFoodMenuTest" time="5.201" errors="0" timestamp="2022-10-15T13:05:44 IST" skipped="0">
  <testcase classname="tests.CookedFoodMenuTest" name="viewBeverages" time="2.839"/>
  <system-out/>
  <testcase classname="tests.CookedFoodMenuTest" name="viewBreakfast" time="0.416"/>
  <system-out/>
  <testcase classname="tests.CookedFoodMenuTest" name="viewMeal" time="0.201"/>
  <system-out/>
  <testcase classname="tests.CookedFoodMenuTest" name="viewAlacart" time="0.287"/>
  <system-out/>
  <testcase classname="tests.CookedFoodMenuTest" name="viewAC1_EC" time="0.168"/>
  <system-out/>
  <testcase classname="tests.CookedFoodMenuTest" name="viewA2_A3_CC" time="0.158"/>
  <system-out/>
  <testcase classname="tests.CookedFoodMenuTest" name="viewRunningLateMenu" time="0.152"/>
  <system-out/>
  <testcase classname="tests.CookedFoodMenuTest" name="viewDuronto" time="0.155"/>
  <system-out/>
  <testcase classname="tests.CookedFoodMenuTest" name="viewGatimanmeal" time="0.176"/>
  <system-out/>
  <testcase classname="tests.CookedFoodMenuTest" name="viewTejas1" time="0.210"/>
  <system-out/>
  <testcase classname="tests.CookedFoodMenuTest" name="viewTejas2" time="0.213"/>
  <system-out/>
  <testcase classname="tests.CookedFoodMenuTest" name="viewVandebharat" time="0.226"/>
  <system-out/>
</testsuite> <!-- tests.CookedFoodMenuTest -->
