<?xml version="1.0" encoding="UTF-8"?>
<!-- Generated by org.testng.reporters.JUnitReportReporter -->
<testsuite hostname="PSL-78VL6Q3" failures="0" tests="6" name="tests.BusTest1" time="71.522" errors="0" timestamp="2022-10-16T10:59:42 IST" skipped="0">
  <testcase classname="tests.BusTest1" name="LoginWithEmptyCredentials" time="57.573"/>
  <system-out/>
  <testcase classname="tests.BusTest1" name="LoginWithInvalidCredentials" time="13.887"/>
  <system-out/>
  <testcase classname="tests.BusTest1" name="LoginWithValidCredentials" time="0.027"/>
  <system-out/>
  <testcase classname="tests.BusTest1" name="SearchWithLogin" time="0.012"/>
  <system-out/>
  <testcase classname="tests.BusTest1" name="SearchWithoutLogin" time="0.011"/>
  <system-out/>
  <testcase classname="tests.BusTest1" name="Package" time="0.012"/>
  <system-out/>
</testsuite> <!-- tests.BusTest1 -->
