<?xml version="1.0" encoding="UTF-8"?>
<!-- Generated by org.testng.reporters.JUnitReportReporter -->
<testsuite hostname="PSL-78VL6Q3" failures="0" tests="10" name="tests.HolidaysPageTest" time="493.630" errors="0" timestamp="2022-10-15T13:04:14 IST" skipped="0">
  <testcase classname="tests.HolidaysPageTest" name="holidaystc01" time="41.724"/>
  <system-out/>
  <testcase classname="tests.HolidaysPageTest" name="holidaystc02" time="28.654"/>
  <system-out/>
  <testcase classname="tests.HolidaysPageTest" name="holidays03" time="27.505"/>
  <system-out/>
  <testcase classname="tests.HolidaysPageTest" name="holidaystc04" time="24.119"/>
  <system-out/>
  <testcase classname="tests.HolidaysPageTest" name="holidaystc05" time="70.839"/>
  <system-out/>
  <testcase classname="tests.HolidaysPageTest" name="holidaystc06" time="36.851"/>
  <system-out/>
  <testcase classname="tests.HolidaysPageTest" name="holidaystc07" time="71.621"/>
  <system-out/>
  <testcase classname="tests.HolidaysPageTest" name="holidaystc08" time="64.944"/>
  <system-out/>
  <testcase classname="tests.HolidaysPageTest" name="holidaystc10" time="65.110"/>
  <system-out/>
  <testcase classname="tests.HolidaysPageTest" name="holidaystc11" time="62.263"/>
  <system-out/>
</testsuite> <!-- tests.HolidaysPageTest -->
