<?xml version="1.0" encoding="UTF-8"?>
<!-- Generated by org.testng.reporters.JUnitReportReporter -->
<testsuite hostname="PSL-78VL6Q3" failures="0" tests="2" name="tests.LoyaltyPageTest" time="32.338" errors="0" timestamp="2022-10-15T12:53:51 IST" skipped="0">
  <testcase classname="tests.LoyaltyPageTest" name="sbicard" time="25.342"/>
  <system-out/>
  <testcase classname="tests.LoyaltyPageTest" name="bobcard" time="6.996"/>
  <system-out/>
</testsuite> <!-- tests.LoyaltyPageTest -->
