<?xml version="1.0" encoding="UTF-8"?>
<!-- Generated by org.testng.reporters.JUnitReportReporter -->
<testsuite hostname="PSL-78VL6Q3" failures="0" tests="3" name="tests.HelpPageTest" time="17.626" errors="0" timestamp="2022-10-15T17:29:15 IST" skipped="0">
  <testcase classname="tests.HelpPageTest" name="AlertsPanelTestCase" time="8.781"/>
  <system-out/>
  <testcase classname="tests.HelpPageTest" name="ConatctUsTestCase" time="4.740"/>
  <system-out/>
  <testcase classname="tests.HelpPageTest" name="AskDishaTestCase" time="4.105"/>
  <system-out/>
</testsuite> <!-- tests.HelpPageTest -->
