<?xml version="1.0" encoding="UTF-8"?>
<!-- Generated by org.testng.reporters.JUnitReportReporter -->
<testsuite hostname="PSL-78VL6Q3" failures="0" tests="9" name="tests.PromotionsTest" time="19.889" errors="0" timestamp="2022-10-15T13:08:47 IST" skipped="0">
  <testcase classname="tests.PromotionsTest" name="promotionpage" time="4.166"/>
  <system-out/>
  <testcase classname="tests.PromotionsTest" name="BannerTestCase" time="4.221"/>
  <system-out/>
  <testcase classname="tests.PromotionsTest" name="AndroidAppTestCase" time="2.293"/>
  <system-out/>
  <testcase classname="tests.PromotionsTest" name="IosAppTestCase" time="1.847"/>
  <system-out/>
  <testcase classname="tests.PromotionsTest" name="TourismAppTestCase" time="1.304"/>
  <system-out/>
  <testcase classname="tests.PromotionsTest" name="AirAppTestCase" time="2.361"/>
  <system-out/>
  <testcase classname="tests.PromotionsTest" name="UtsAppTestCase" time="1.172"/>
  <system-out/>
  <testcase classname="tests.PromotionsTest" name="WifiTestCase" time="1.243"/>
  <system-out/>
  <testcase classname="tests.PromotionsTest" name="NVSPTestCase" time="1.282"/>
  <system-out/>
</testsuite> <!-- tests.PromotionsTest -->
