<?xml version="1.0" encoding="UTF-8"?>
<!-- Generated by org.testng.reporters.JUnitReportReporter -->
<testsuite hostname="PSL-78VL6Q3" failures="0" tests="3" name="combinedtest.HelpPageTest" time="28.868" errors="0" timestamp="2022-10-14T12:29:49 IST" skipped="0">
  <testcase classname="combinedtest.HelpPageTest" name="AlertsPanelTestCase" time="12.658"/>
  <system-out/>
  <testcase classname="combinedtest.HelpPageTest" name="ConatctUsTestCase" time="8.164"/>
  <system-out/>
  <testcase classname="combinedtest.HelpPageTest" name="AskDishaTestCase" time="8.046"/>
  <system-out/>
</testsuite> <!-- combinedtest.HelpPageTest -->
