<?xml version="1.0" encoding="UTF-8"?>
<!-- Generated by org.testng.reporters.JUnitReportReporter -->
<testsuite hostname="PSL-78VL6Q3" failures="0" tests="7" name="tests.TrainsPanelTest" time="15.075" errors="0" timestamp="2022-10-15T13:27:12 IST" skipped="0">
  <testcase classname="tests.TrainsPanelTest" name="TouristTestCase" time="5.654"/>
  <system-out/>
  <testcase classname="tests.TrainsPanelTest" name="FtrTestCase" time="2.164"/>
  <system-out/>
  <testcase classname="tests.TrainsPanelTest" name="ConnectingjourneybookingTestcase" time="1.263"/>
  <system-out/>
  <testcase classname="tests.TrainsPanelTest" name="CancelTicketTestCase" time="1.386"/>
  <system-out/>
  <testcase classname="tests.TrainsPanelTest" name="TrainScheduleTestCase" time="1.177"/>
  <system-out/>
  <testcase classname="tests.TrainsPanelTest" name="TrackTrainTestCase" time="0.896"/>
  <system-out/>
  <testcase classname="tests.TrainsPanelTest" name="trainsgr" time="2.535"/>
  <system-out/>
</testsuite> <!-- tests.TrainsPanelTest -->
