<?xml version="1.0" encoding="UTF-8"?>
<!-- Generated by org.testng.reporters.JUnitReportReporter -->
<testsuite hostname="PSL-78VL6Q3" failures="0" tests="4" name="tests.ECateringTest" time="4.769" errors="0" timestamp="2022-10-15T12:29:49 IST" skipped="0">
  <testcase classname="tests.ECateringTest" name="searchRestStation" time="3.169"/>
  <system-out/>
  <testcase classname="tests.ECateringTest" name="searchRestPNR" time="0.784"/>
  <system-out/>
  <testcase classname="tests.ECateringTest" name="popStations" time="0.409"/>
  <system-out/>
  <testcase classname="tests.ECateringTest" name="orderGroup" time="0.407"/>
  <system-out/>
</testsuite> <!-- tests.ECateringTest -->
